<?xml version="1.0" encoding="UTF-8"?>
<!-- Generated by org.testng.reporters.JUnitXMLReporter -->
<testsuite ignored="0" hostname="LAPTOP-NIPUNI" failures="0" tests="3" name="Test" time="79.074" errors="0" timestamp="2020-06-08T16:24:20 IST">
  <testcase classname="chathuri.buddhi.HomePageTest" name="SearchAllCategories" time="14.892"/>
  <testcase classname="chathuri.buddhi.HomePageTest" name="SearchLogo" time="5.157"/>
  <testcase classname="chathuri.buddhi.MenuBarTest" name="SearchMenuBar" time="8.649"/>
</testsuite> <!-- Test -->
