<?xml version="1.0" encoding="UTF-8"?>
<testng-results skipped="0" failed="1" ignored="2" total="5" passed="2">
  <reporter-output>
  </reporter-output>
  <suite name="Test" duration-ms="46446" started-at="2020-06-10T16:01:04 IST" finished-at="2020-06-10T16:01:51 IST">
    <groups>
    </groups>
    <test name="Test" duration-ms="46446" started-at="2020-06-10T16:01:04 IST" finished-at="2020-06-10T16:01:51 IST">
      <class name="chathuri.buddhi.HomePageTest">
        <test-method status="PASS" signature="SetUp(java.lang.String, java.lang.String)[pri:0, instance:chathuri.buddhi.HomePageTest@51cdd8a]" name="SetUp" is-config="true" duration-ms="4645" started-at="2020-06-10T16:01:05 IST" finished-at="2020-06-10T16:01:10 IST">
          <params>
            <param index="0">
              <value>
                <![CDATA[Chrome]]>
              </value>
            </param>
            <param index="1">
              <value>
                <![CDATA[C:\Users\CHATHURIBUDDHI\eclipse-workspace\chromedriver.exe]]>
              </value>
            </param>
          </params>
          <reporter-output>
          </reporter-output>
        </test-method> <!-- SetUp -->
        <test-method status="PASS" signature="SearchBarTest(java.lang.String, java.lang.String)[pri:0, instance:chathuri.buddhi.HomePageTest@51cdd8a]" name="SearchBarTest" duration-ms="10846" started-at="2020-06-10T16:01:10 IST" data-provider="dp" finished-at="2020-06-10T16:01:21 IST">
          <params>
            <param index="0">
              <value>
                <![CDATA[huwawei Y6]]>
              </value>
            </param>
            <param index="1">
              <value>
                <![CDATA[phones]]>
              </value>
            </param>
          </params>
          <reporter-output>
          </reporter-output>
        </test-method> <!-- SearchBarTest -->
        <test-method status="PASS" signature="TearDown()[pri:0, instance:chathuri.buddhi.HomePageTest@51cdd8a]" name="TearDown" is-config="true" duration-ms="967" started-at="2020-06-10T16:01:21 IST" finished-at="2020-06-10T16:01:22 IST">
          <reporter-output>
          </reporter-output>
        </test-method> <!-- TearDown -->
        <test-method status="PASS" signature="SetUp(java.lang.String, java.lang.String)[pri:0, instance:chathuri.buddhi.HomePageTest@51cdd8a]" name="SetUp" is-config="true" duration-ms="2969" started-at="2020-06-10T16:01:22 IST" finished-at="2020-06-10T16:01:25 IST">
          <params>
            <param index="0">
              <value>
                <![CDATA[Chrome]]>
              </value>
            </param>
            <param index="1">
              <value>
                <![CDATA[C:\Users\CHATHURIBUDDHI\eclipse-workspace\chromedriver.exe]]>
              </value>
            </param>
          </params>
          <reporter-output>
          </reporter-output>
        </test-method> <!-- SetUp -->
        <test-method status="FAIL" signature="SearchBarTest(java.lang.String, java.lang.String)[pri:0, instance:chathuri.buddhi.HomePageTest@51cdd8a]" name="SearchBarTest" duration-ms="10035" started-at="2020-06-10T16:01:25 IST" data-provider="dp" finished-at="2020-06-10T16:01:35 IST">
          <params>
            <param index="0">
              <value>
                <![CDATA[coocking]]>
              </value>
            </param>
            <param index="1">
              <value>
                <![CDATA[books]]>
              </value>
            </param>
          </params>
          <exception class="org.openqa.selenium.StaleElementReferenceException">
            <message>
              <![CDATA[stale element reference: element is not attached to the page document
  (Session info: chrome=83.0.4103.97)
For documentation on this error, please visit: https://www.seleniumhq.org/exceptions/stale_element_reference.html
Build info: version: '3.141.59', revision: 'e82be7d358', time: '2018-11-14T08:17:03'
System info: host: 'CHATHURI', ip: '192.168.43.56', os.name: 'Windows 8.1', os.arch: 'amd64', os.version: '6.3', java.version: '1.8.0_201'
Driver info: org.openqa.selenium.chrome.ChromeDriver
Capabilities {acceptInsecureCerts: false, browserName: chrome, browserVersion: 83.0.4103.97, chrome: {chromedriverVersion: 83.0.4103.39 (ccbf011cb2d2b..., userDataDir: C:\Users\CHATHU~1\AppData\L...}, goog:chromeOptions: {debuggerAddress: localhost:54352}, javascriptEnabled: true, networkConnectionEnabled: false, pageLoadStrategy: normal, platform: WINDOWS, platformName: WINDOWS, proxy: Proxy(), setWindowRect: true, strictFileInteractability: false, timeouts: {implicit: 0, pageLoad: 300000, script: 30000}, unhandledPromptBehavior: dismiss and notify, webauthn:virtualAuthenticators: true}
Session ID: b40d5e05d6e05b5ed706a22f6ce26462]]>
            </message>
            <full-stacktrace>
              <![CDATA[org.openqa.selenium.StaleElementReferenceException: stale element reference: element is not attached to the page document
  (Session info: chrome=83.0.4103.97)
For documentation on this error, please visit: https://www.seleniumhq.org/exceptions/stale_element_reference.html
Build info: version: '3.141.59', revision: 'e82be7d358', time: '2018-11-14T08:17:03'
System info: host: 'CHATHURI', ip: '192.168.43.56', os.name: 'Windows 8.1', os.arch: 'amd64', os.version: '6.3', java.version: '1.8.0_201'
Driver info: org.openqa.selenium.chrome.ChromeDriver
Capabilities {acceptInsecureCerts: false, browserName: chrome, browserVersion: 83.0.4103.97, chrome: {chromedriverVersion: 83.0.4103.39 (ccbf011cb2d2b..., userDataDir: C:\Users\CHATHU~1\AppData\L...}, goog:chromeOptions: {debuggerAddress: localhost:54352}, javascriptEnabled: true, networkConnectionEnabled: false, pageLoadStrategy: normal, platform: WINDOWS, platformName: WINDOWS, proxy: Proxy(), setWindowRect: true, strictFileInteractability: false, timeouts: {implicit: 0, pageLoad: 300000, script: 30000}, unhandledPromptBehavior: dismiss and notify, webauthn:virtualAuthenticators: true}
Session ID: b40d5e05d6e05b5ed706a22f6ce26462
at sun.reflect.NativeConstructorAccessorImpl.newInstance0(Native Method)
at sun.reflect.NativeConstructorAccessorImpl.newInstance(Unknown Source)
at sun.reflect.DelegatingConstructorAccessorImpl.newInstance(Unknown Source)
at java.lang.reflect.Constructor.newInstance(Unknown Source)
at org.openqa.selenium.remote.http.W3CHttpResponseCodec.createException(W3CHttpResponseCodec.java:187)
at org.openqa.selenium.remote.http.W3CHttpResponseCodec.decode(W3CHttpResponseCodec.java:122)
at org.openqa.selenium.remote.http.W3CHttpResponseCodec.decode(W3CHttpResponseCodec.java:49)
at org.openqa.selenium.remote.HttpCommandExecutor.execute(HttpCommandExecutor.java:158)
at org.openqa.selenium.remote.service.DriverCommandExecutor.execute(DriverCommandExecutor.java:83)
at org.openqa.selenium.remote.RemoteWebDriver.execute(RemoteWebDriver.java:552)
at org.openqa.selenium.remote.RemoteWebElement.execute(RemoteWebElement.java:285)
at org.openqa.selenium.remote.RemoteWebElement.getText(RemoteWebElement.java:166)
at chathuri.buddhi.HomePageTest.SearchBarTest(HomePageTest.java:40)
at sun.reflect.NativeMethodAccessorImpl.invoke0(Native Method)
at sun.reflect.NativeMethodAccessorImpl.invoke(Unknown Source)
at sun.reflect.DelegatingMethodAccessorImpl.invoke(Unknown Source)
at java.lang.reflect.Method.invoke(Unknown Source)
at org.testng.internal.MethodInvocationHelper.invokeMethod(MethodInvocationHelper.java:134)
at org.testng.internal.TestInvoker.invokeMethod(TestInvoker.java:597)
at org.testng.internal.TestInvoker.invokeTestMethod(TestInvoker.java:173)
at org.testng.internal.MethodRunner.runInSequence(MethodRunner.java:46)
at org.testng.internal.TestInvoker$MethodInvocationAgent.invoke(TestInvoker.java:816)
at org.testng.internal.TestInvoker.invokeTestMethods(TestInvoker.java:146)
at org.testng.internal.TestMethodWorker.invokeTestMethods(TestMethodWorker.java:146)
at org.testng.internal.TestMethodWorker.run(TestMethodWorker.java:128)
at java.util.ArrayList.forEach(Unknown Source)
at org.testng.TestRunner.privateRun(TestRunner.java:766)
at org.testng.TestRunner.run(TestRunner.java:587)
at org.testng.SuiteRunner.runTest(SuiteRunner.java:384)
at org.testng.SuiteRunner.runSequentially(SuiteRunner.java:378)
at org.testng.SuiteRunner.privateRun(SuiteRunner.java:337)
at org.testng.SuiteRunner.run(SuiteRunner.java:286)
at org.testng.SuiteRunnerWorker.runSuite(SuiteRunnerWorker.java:53)
at org.testng.SuiteRunnerWorker.run(SuiteRunnerWorker.java:96)
at org.testng.TestNG.runSuitesSequentially(TestNG.java:1187)
at org.testng.TestNG.runSuitesLocally(TestNG.java:1109)
at org.testng.TestNG.runSuites(TestNG.java:1039)
at org.testng.TestNG.run(TestNG.java:1007)
at org.testng.remote.AbstractRemoteTestNG.run(AbstractRemoteTestNG.java:115)
at org.testng.remote.RemoteTestNG.initAndRun(RemoteTestNG.java:251)
at org.testng.remote.RemoteTestNG.main(RemoteTestNG.java:77)
]]>
            </full-stacktrace>
          </exception> <!-- org.openqa.selenium.StaleElementReferenceException -->
          <reporter-output>
          </reporter-output>
        </test-method> <!-- SearchBarTest -->
        <test-method status="PASS" signature="TearDown()[pri:0, instance:chathuri.buddhi.HomePageTest@51cdd8a]" name="TearDown" is-config="true" duration-ms="2973" started-at="2020-06-10T16:01:35 IST" finished-at="2020-06-10T16:01:38 IST">
          <reporter-output>
          </reporter-output>
        </test-method> <!-- TearDown -->
        <test-method status="PASS" signature="SetUp(java.lang.String, java.lang.String)[pri:0, instance:chathuri.buddhi.HomePageTest@51cdd8a]" name="SetUp" is-config="true" duration-ms="3347" started-at="2020-06-10T16:01:38 IST" finished-at="2020-06-10T16:01:41 IST">
          <params>
            <param index="0">
              <value>
                <![CDATA[Chrome]]>
              </value>
            </param>
            <param index="1">
              <value>
                <![CDATA[C:\Users\CHATHURIBUDDHI\eclipse-workspace\chromedriver.exe]]>
              </value>
            </param>
          </params>
          <reporter-output>
          </reporter-output>
        </test-method> <!-- SetUp -->
        <test-method status="PASS" signature="SearchBarTest(java.lang.String, java.lang.String)[pri:0, instance:chathuri.buddhi.HomePageTest@51cdd8a]" name="SearchBarTest" duration-ms="8741" started-at="2020-06-10T16:01:41 IST" data-provider="dp" finished-at="2020-06-10T16:01:50 IST">
          <params>
            <param index="0">
              <value>
                <![CDATA[ladies watches]]>
              </value>
            </param>
            <param index="1">
              <value>
                <![CDATA[All]]>
              </value>
            </param>
          </params>
          <reporter-output>
          </reporter-output>
        </test-method> <!-- SearchBarTest -->
        <test-method status="PASS" signature="TearDown()[pri:0, instance:chathuri.buddhi.HomePageTest@51cdd8a]" name="TearDown" is-config="true" duration-ms="951" started-at="2020-06-10T16:01:50 IST" finished-at="2020-06-10T16:01:51 IST">
          <reporter-output>
          </reporter-output>
        </test-method> <!-- TearDown -->
      </class> <!-- chathuri.buddhi.HomePageTest -->
    </test> <!-- Test -->
  </suite> <!-- Test -->
</testng-results>
